<?xml version="1.0" encoding="UTF-8"?>
<!-- Generated by org.testng.reporters.JUnitReportReporter -->
<testsuite hostname="sony-VAIO" name="Scenario_Driver_Component.Search_an_item" tests="5" failures="0" timestamp="15 Sep 2017 13:25:55 GMT" time="35.980" errors="0">
  <testcase name="Invalid_Search_Item" time="27.599" classname="Scenario_Driver_Component.Search_an_item"/>
  <testcase name="Valid_Search_Item" time="2.418" classname="Scenario_Driver_Component.Search_an_item"/>
  <testcase name="Valid_Search_Item" time="2.564" classname="Scenario_Driver_Component.Search_an_item"/>
  <testcase name="Valid_Search_Item" time="1.781" classname="Scenario_Driver_Component.Search_an_item"/>
  <testcase name="Invalid_Search_Item" time="1.618" classname="Scenario_Driver_Component.Search_an_item"/>
</testsuite> <!-- Scenario_Driver_Component.Search_an_item -->
