<?xml version="1.0" encoding="UTF-8"?>
<!-- Generated by org.testng.reporters.JUnitReportReporter -->
<testsuite hostname="sony-VAIO" name="Scenario_Driver_Component.Search_an_item" tests="1" failures="0" timestamp="14 Sep 2017 14:55:12 GMT" time="7.156" errors="0">
  <testcase name="Invalid_Search_Item" time="7.156" classname="Scenario_Driver_Component.Search_an_item"/>
</testsuite> <!-- Scenario_Driver_Component.Search_an_item -->
