<?xml version="1.0" encoding="UTF-8"?>
<!-- Generated by org.testng.reporters.JUnitReportReporter -->
<testsuite hostname="sony-VAIO" name="Scenario_Driver_Component.searchParticularItem" tests="2" failures="0" timestamp="15 Sep 2017 13:25:55 GMT" time="33.074" errors="0">
  <testcase name="searchAParticularItem" time="18.545" classname="Scenario_Driver_Component.searchParticularItem"/>
  <testcase name="searchAParticularItem" time="14.529" classname="Scenario_Driver_Component.searchParticularItem"/>
</testsuite> <!-- Scenario_Driver_Component.searchParticularItem -->
