<?xml version="1.0" encoding="UTF-8"?>
<!-- Generated by org.testng.reporters.JUnitReportReporter -->
<testsuite hostname="sony-VAIO" name="Scenario_Driver_Component.searchParticularItem" tests="2" failures="0" timestamp="15 Sep 2017 09:45:55 GMT" time="28.197" errors="0">
  <testcase name="searchAParticularItem" time="13.569" classname="Scenario_Driver_Component.searchParticularItem"/>
  <testcase name="searchAParticularItem" time="14.628" classname="Scenario_Driver_Component.searchParticularItem"/>
</testsuite> <!-- Scenario_Driver_Component.searchParticularItem -->
