<?xml version="1.0" encoding="UTF-8"?>
<!-- Generated by org.testng.reporters.JUnitReportReporter -->
<testsuite hostname="sony-VAIO" name="Scenario_Driver_Component.Search_an_item" tests="5" failures="0" timestamp="15 Sep 2017 09:45:55 GMT" time="16.043" errors="0">
  <testcase name="Valid_Search_Item" time="2.958" classname="Scenario_Driver_Component.Search_an_item"/>
  <testcase name="Invalid_Search_Item" time="8.404" classname="Scenario_Driver_Component.Search_an_item"/>
  <testcase name="Invalid_Search_Item" time="1.409" classname="Scenario_Driver_Component.Search_an_item"/>
  <testcase name="Valid_Search_Item" time="1.587" classname="Scenario_Driver_Component.Search_an_item"/>
  <testcase name="Valid_Search_Item" time="1.685" classname="Scenario_Driver_Component.Search_an_item"/>
</testsuite> <!-- Scenario_Driver_Component.Search_an_item -->
